2021-08-03 00:10:10:1010 [32minfo[39m: [32mServer listening at http://localhost:3000[39m
2021-08-03 00:13:27:1327 [32minfo[39m: [32mServer listening at http://localhost:3000[39m
2021-08-03 00:13:35:1335 [32minfo[39m: [32mServer listening at http://localhost:3000[39m
2021-08-03 00:14:23:1423 [32minfo[39m: [32mServer listening at http://localhost:3000[39m
2021-08-03 00:14:41:1441 [32minfo[39m: [32mServer listening at http://localhost:3000[39m
2021-08-03 00:14:47:1447 [32minfo[39m: [32mServer listening at http://localhost:3000[39m
2021-08-03 00:14:56:1456 [32minfo[39m: [32mServer listening at http://localhost:3000[39m
2021-08-03 00:15:51:1551 [32minfo[39m: [32mServer listening at http://localhost:3000[39m
2021-08-03 00:17:19:1719-[32minfo[39m-[32mServer listening at http://localhost:3000[39m
2021-08-03 00:17:38:1738 [32minfo[39m: [32mServer listening at http://localhost:3000[39m
2021-08-03 00:19:19:1919 [32minfo[39m: [32mServer listening at http://localhost:3000[39m
2021-08-03 00:19:28:1928 [32minfo[39m: [32mServer listening at http://localhost:3000[39m
2021-08-03 00:19:40:1940 [35mhttp[39m: [35mPOST /api/order/checkout 202 30 - 2.793 ms[39m
[35m[39m
2021-08-03 00:23:37:2337 [32minfo[39m: [32mServer listening at http://localhost:3000[39m
2021-08-03 00:23:58:2358 [32minfo[39m: [32mServer listening at http://localhost:3000[39m
2021-08-03 00:49:30:4930 [32minfo[39m: [32mServer listening at http://localhost:3000[39m
2021-08-03 00:49 [32minfo[39m: [32mServer listening at http://localhost:3000[39m
2021-08-03 00:51 [34minfo[39m: [34mServer listening at http://localhost:3000[39m
2021-08-03 19:51 [34minfo[39m: [34mServer listening at http://localhost:3000[39m
2021-08-03 19:54 [34minfo[39m: [34mServer listening at http://localhost:3000[39m
2021-08-03 20:53 [34minfo[39m: [34mServer listening at http://localhost:3000[39m
2021-08-03 20:59 [34minfo[39m: [34mServer listening at http://localhost:3000[39m
2021-08-03 21:05 [34minfo[39m: [34mServer listening at http://localhost:3000[39m
2021-08-03 21:06 [34minfo[39m: [34mServer listening at http://localhost:3000[39m
2021-08-03 21:18 [34minfo[39m: [34mServer listening at http://localhost:3000[39m
2021-08-03 21:19 [34minfo[39m: [34mServer listening at http://localhost:3000[39m
2021-08-03 21:19 [35mhttp[39m: [35mPOST /api/public/login 202 19 - 19.653 ms[39m
[35m[39m
2021-08-03 21:23 [34minfo[39m: [34mServer listening at http://localhost:3000[39m
2021-08-03 21:24 [34minfo[39m: [34mServer listening at http://localhost:3000[39m
2021-08-03 21:24 [34minfo[39m: [34mServer listening at http://localhost:3000[39m
2021-08-03 21:26 [34minfo[39m: [34mServer listening at http://localhost:3000[39m
2021-08-03 21:26 [35mhttp[39m: [35mPOST /api/public/login 202 19 - 21.594 ms[39m
[35m[39m
2021-08-03 21:28 [34minfo[39m: [34mServer listening at http://localhost:3000[39m
2021-08-03 21:36 [34minfo[39m: [34mServer listening at http://localhost:3000[39m
2021-08-03 21:36 [34minfo[39m: [34mServer listening at http://localhost:3000[39m
2021-08-03 21:37 [34minfo[39m: [34mServer listening at http://localhost:3000[39m
2021-08-03 21:38 [34minfo[39m: [34mServer listening at http://localhost:3000[39m
2021-08-03 21:38 [34minfo[39m: [34mServer listening at http://localhost:3000[39m
2021-08-03 21:38 [34minfo[39m: [34mServer listening at http://localhost:3000[39m
2021-08-03 21:38 [34minfo[39m: [34mServer listening at http://localhost:3000[39m
2021-08-03 21:38 [34minfo[39m: [34mServer listening at http://localhost:3000[39m
2021-08-03 21:38 [34minfo[39m: [34m--SQL : 21:38:59 connect(postgres@bazaar); useCount: 0 [object Object][39m
2021-08-03 21:38 [34minfo[39m: [34m--SQL : 21:38:59 SELECT * FROM bazaar_users [object Object][39m
2021-08-03 21:38 [34minfo[39m: [34m--SQL : 21:38:59 disconnect(postgres@bazaar) [object Object][39m
2021-08-03 21:38 [35mhttp[39m: [35mPOST /api/public/login 202 19 - 21.183 ms[39m
[35m[39m
2021-08-03 21:41:::[34minfo[39m:::[34mServer listening at http://localhost:3000[39m
:::2021-08-03 21:41:::[34minfo[39m:::[34mServer listening at http://localhost:3000[39m:::
:::2021-08-03 21:41:::[34minfo[39m:::[34m--SQL : 21:41:40 connect(postgres@bazaar); useCount: 0 [object Object][39m:::
:::2021-08-03 21:41:::[34minfo[39m:::[34m--SQL : 21:41:40 SELECT * FROM bazaar_users [object Object][39m:::
:::2021-08-03 21:41:::[34minfo[39m:::[34m--SQL : 21:41:40 disconnect(postgres@bazaar) [object Object][39m:::
:::2021-08-03 21:41:::[35mhttp[39m:::[35mPOST /api/public/login 202 19 - 23.677 ms[39m
[35m[39m:::
2021-08-03 21:43[34minfo[39m[34mServer listening at http://localhost:3000[39m
time : 2021-08-03 21:43 level : [34minfo[39m message : [34mServer listening at http://localhost:3000[39m
time : 2021-08-03 21:44, level : [34minfo[39m, message : [34mServer listening at http://localhost:3000[39m
time : 2021-08-03 21:44, level : [34minfo[39m, message : [34m--SQL : 21:44:23 connect(postgres@bazaar); useCount: 0 [object Object][39m
time : 2021-08-03 21:44, level : [34minfo[39m, message : [34m--SQL : 21:44:23 SELECT * FROM bazaar_users [object Object][39m
time : 2021-08-03 21:44, level : [34minfo[39m, message : [34m--SQL : 21:44:23 disconnect(postgres@bazaar) [object Object][39m
time : 2021-08-03 21:44, level : [35mhttp[39m, message : [35mPOST /api/public/login 202 19 - 21.963 ms[39m
[35m[39m
time : 2021-08-03 21:44, level : [34minfo[39m, message : [34mServer listening at http://localhost:3000[39m
2021-08-03 21:45 [34minfo[39m: [34mServer listening at http://localhost:3000[39m
2021-08-03 21:46 [34minfo[39m: [34mServer listening at http://localhost:3000[39m
2021-08-03 21:46 [34minfo[39m: [34mServer listening at http://localhost:3000[39m
2021-08-03 21:47 [34minfo[39m: [34mServer listening at http://localhost:3000[39m
2021-08-03 21:47 [34minfo[39m: [34mServer listening at http://localhost:3000[39m
2021-08-03 21:48 [34minfo[39m: [34mServer listening at http://localhost:3000[39m
2021-08-03 21:53 [34minfo[39m: [34mServer listening at http://localhost:3000[39m
2021-08-03 21:55 [34minfo[39m: [34mServer listening at http://localhost:3000[39m
2021-08-03 21:56 [34minfo[39m: [34mServer listening at http://localhost:3000[39m
2021-08-03 21:56 [34minfo[39m: [34mServer listening at http://localhost:3000[39m
2021-08-03 21:57 [34minfo[39m: [34mServer listening at http://localhost:3000[39m
2021-08-03 21:59 [34minfo[39m: [34m--SQL : 21:59:49 connect(postgres@bazaar); useCount: 0 [object Object][39m
2021-08-03 21:59 [34minfo[39m: [34m--SQL : 21:59:49 error: Variable $1 out of range. Parameters array length: 0 [object Object][39m
2021-08-03 21:59 [34minfo[39m: [34m--SQL :          query: INSERT INTO bazaar_users(first_name,last_name,email,phone,password) SET ($1,$2,$3,$3,$5) returning id [object Object][39m
2021-08-03 21:59 [34minfo[39m: [34m--SQL :          params: [] [object Object][39m
2021-08-03 21:59 [34minfo[39m: [34m--SQL : 21:59:49 disconnect(postgres@bazaar) [object Object][39m
2021-08-03 21:59 [31merror[39m: [31m!!!Error occured while registering user :  Variable $1 out of range. Parameters array length: 0[39m
2021-08-03 22:00 [34minfo[39m: [34mServer listening at http://localhost:3000[39m
2021-08-03 22:00 [34minfo[39m: [34m--SQL : 22:00:50 connect(postgres@bazaar); useCount: 0 [object Object][39m
2021-08-03 22:00 [34minfo[39m: [34m--SQL : 22:00:50 INSERT INTO bazaar_users(first_name,last_name,email,phone,password) SET ('Rohan','Thakur','rohant946@gmail.com','rohant946@gmail.com','password123') returning id [object Object][39m
2021-08-03 22:00 [34minfo[39m: [34m--SQL : 22:00:50 error: syntax error at or near "SET" [object Object][39m
2021-08-03 22:00 [34minfo[39m: [34m--SQL :          query: INSERT INTO bazaar_users(first_name,last_name,email,phone,password) SET ('Rohan','Thakur','rohant946@gmail.com','rohant946@gmail.com','password123') returning id [object Object][39m
2021-08-03 22:00 [34minfo[39m: [34m--SQL : 22:00:50 disconnect(postgres@bazaar) [object Object][39m
2021-08-03 22:00 [31merror[39m: [31m!!!Error occured while registering user :  syntax error at or near "SET"[39m
2021-08-03 22:02 [34minfo[39m: [34mServer listening at http://localhost:3000[39m
2021-08-03 22:02 [34minfo[39m: [34mServer listening at http://localhost:3000[39m
2021-08-03 22:03 [34minfo[39m: [34mServer listening at http://localhost:3000[39m
2021-08-03 22:05 [34minfo[39m: [34mServer listening at http://localhost:3000[39m
2021-08-03 22:07 [34minfo[39m: [34mServer listening at http://localhost:3000[39m
2021-08-03 22:07 [34minfo[39m: [34mServer listening at http://localhost:3000[39m
2021-08-03 22:10 [34minfo[39m: [34mServer listening at http://localhost:3000[39m
2021-08-03 22:13 [34minfo[39m: [34mServer listening at http://localhost:3000[39m
2021-08-03 22:15 [34minfo[39m: [34mServer listening at http://localhost:3000[39m
2021-08-03 22:15 [34minfo[39m: [34mServer listening at http://localhost:3000[39m
2021-08-03 22:17 [34minfo[39m: [34mServer listening at http://localhost:3000[39m
2021-08-03 22:17 [34minfo[39m: [34mServer listening at http://localhost:3000[39m
2021-08-03 22:18 [34minfo[39m: [34mServer listening at http://localhost:3000[39m
2021-08-03 22:18 [34minfo[39m: [34mServer listening at http://localhost:3000[39m
2021-08-03 22:19 [34minfo[39m: [34mServer listening at http://localhost:3000[39m
2021-08-03 22:19 [34minfo[39m: [34mServer listening at http://localhost:3000[39m
2021-08-03 22:19 [34minfo[39m: [34mServer listening at http://localhost:3000[39m
2021-08-03 22:21 [34minfo[39m: [34mServer listening at http://localhost:3000[39m
2021-08-03 22:22 [34minfo[39m: [34mServer listening at http://localhost:3000[39m
2021-08-03 22:22 [34minfo[39m: [34mServer listening at http://localhost:3000[39m
2021-08-03 22:23 [34minfo[39m: [34mServer listening at http://localhost:3000[39m
2021-08-03 22:27 [34minfo[39m: [34mServer listening at http://localhost:3000[39m
2021-08-03 22:28 [34minfo[39m: [34mServer listening at http://localhost:3000[39m
2021-08-03 22:30 [34minfo[39m: [34mServer listening at http://localhost:3000[39m
2021-08-03 22:30 [34minfo[39m: [34mServer listening at http://localhost:3000[39m
2021-08-03 22:30 [34minfo[39m: [34mServer listening at http://localhost:3000[39m
2021-08-03 22:30 [34minfo[39m: [34mServer listening at http://localhost:3000[39m
2021-08-03 22:31 [34minfo[39m: [34mServer listening at http://localhost:3000[39m
2021-08-03 22:32 [34minfo[39m: [34mServer listening at http://localhost:3000[39m
2021-08-03 22:34 [34minfo[39m: [34mServer listening at http://localhost:3000[39m
2021-08-03 22:34 [34minfo[39m: [34mServer listening at http://localhost:3000[39m
2021-08-03 22:35 [34minfo[39m: [34m--SQL : 22:35:06 connect(postgres@bazaar); useCount: 0 [object Object][39m
2021-08-03 22:35 [34minfo[39m: [34m--SQL : 22:35:06 INSERT INTO bazaar_users(first_name,last_name,email,phone,password) SET VALUES('Rohan','Thakur','rohant946@gmail.com','rohant946@gmail.com','password123') returning id [object Object][39m
2021-08-03 22:35 [34minfo[39m: [34m--SQL : 22:35:06 error: syntax error at or near "SET" [object Object][39m
2021-08-03 22:35 [34minfo[39m: [34m--SQL :          query: INSERT INTO bazaar_users(first_name,last_name,email,phone,password) SET VALUES('Rohan','Thakur','rohant946@gmail.com','rohant946@gmail.com','password123') returning id [object Object][39m
2021-08-03 22:35 [34minfo[39m: [34m--SQL : 22:35:06 disconnect(postgres@bazaar) [object Object][39m
2021-08-03 22:35 [31merror[39m: [31m!!!Error occured while registering user :  syntax error at or near "SET"[39m
2021-08-03 22:35 [35mhttp[39m: [35mPOST /api/public/register 401 78 - 36.654 ms[39m
[35m[39m
2021-08-03 22:36 [34minfo[39m: [34m--SQL : 22:36:44 connect(postgres@bazaar); useCount: 0 [object Object][39m
2021-08-03 22:36 [34minfo[39m: [34m--SQL : 22:36:44 INSERT INTO bazaar_users(first_name,last_name,email,phone,password) SET VALUES('Rohan','Thakur','rohant946@gmail.com','rohant946@gmail.com','password123') returning id [object Object][39m
2021-08-03 22:36 [34minfo[39m: [34m--SQL : 22:36:44 error: syntax error at or near "SET" [object Object][39m
2021-08-03 22:36 [34minfo[39m: [34m--SQL :          query: INSERT INTO bazaar_users(first_name,last_name,email,phone,password) SET VALUES('Rohan','Thakur','rohant946@gmail.com','rohant946@gmail.com','password123') returning id [object Object][39m
2021-08-03 22:36 [34minfo[39m: [34m--SQL : 22:36:44 disconnect(postgres@bazaar) [object Object][39m
2021-08-03 22:36 [31merror[39m: [31m!!!Error occured while registering user :  syntax error at or near "SET"[39m
2021-08-03 22:36 [35mhttp[39m: [35mPOST /api/public/register 401 78 - 8.484 ms[39m
[35m[39m
2021-08-03 22:37 [34minfo[39m: [34mServer listening at http://localhost:3000[39m
2021-08-03 22:37 [34minfo[39m: [34m--SQL : 22:37:29 connect(postgres@bazaar); useCount: 0 [object Object][39m
2021-08-03 22:37 [34minfo[39m: [34m--SQL : 22:37:29 INSERT INTO bazaar_users(first_name,last_name,email,phone,password) VALUES('Rohan','Thakur','rohant946@gmail.com','rohant946@gmail.com','password123') returning id [object Object][39m
2021-08-03 22:37 [34minfo[39m: [34m--SQL : 22:37:29 error: invalid input syntax for type integer: "rohant946@gmail.com" [object Object][39m
2021-08-03 22:37 [34minfo[39m: [34m--SQL :          query: INSERT INTO bazaar_users(first_name,last_name,email,phone,password) VALUES('Rohan','Thakur','rohant946@gmail.com','rohant946@gmail.com','password123') returning id [object Object][39m
2021-08-03 22:37 [34minfo[39m: [34m--SQL : 22:37:29 disconnect(postgres@bazaar) [object Object][39m
2021-08-03 22:37 [31merror[39m: [31m!!!Error occured while registering user :  invalid input syntax for type integer: "rohant946@gmail.com"[39m
2021-08-03 22:37 [35mhttp[39m: [35mPOST /api/public/register 401 78 - 33.221 ms[39m
[35m[39m
2021-08-03 22:45 [34minfo[39m: [34mServer listening at http://localhost:3000[39m
2021-08-03 22:48 [34minfo[39m: [34mServer listening at http://localhost:3000[39m
2021-08-03 22:48 [34minfo[39m: [34mServer listening at http://localhost:3000[39m
2021-08-03 22:48 [31merror[39m: [31m!!!Error occured while registering user : [39m
2021-08-03 22:48 [35mhttp[39m: [35mPOST /api/public/register 401 78 - 4.967 ms[39m
[35m[39m
2021-08-03 22:48 [31merror[39m: [31m!!!Error occured while registering user : [39m
2021-08-03 22:48 [35mhttp[39m: [35mPOST /api/public/register 401 78 - 1.345 ms[39m
[35m[39m
2021-08-03 22:48 [31merror[39m: [31m!!!Error occured while registering user : [39m
2021-08-03 22:48 [35mhttp[39m: [35mPOST /api/public/register 401 78 - 1.014 ms[39m
[35m[39m
2021-08-03 22:50 [34minfo[39m: [34m--SQL : 22:50:11 connect(postgres@bazaar); useCount: 0 [object Object][39m
2021-08-03 22:50 [34minfo[39m: [34m--SQL : 22:50:11 INSERT INTO bazaar_users(first_name,last_name,email,phone,password) VALUES('Rohan','Thakur','rohant946@gmail.com','rohant946@gmail.com','password123') returning id [object Object][39m
2021-08-03 22:50 [34minfo[39m: [34m--SQL : 22:50:11 error: invalid input syntax for type integer: "rohant946@gmail.com" [object Object][39m
2021-08-03 22:50 [34minfo[39m: [34m--SQL :          query: INSERT INTO bazaar_users(first_name,last_name,email,phone,password) VALUES('Rohan','Thakur','rohant946@gmail.com','rohant946@gmail.com','password123') returning id [object Object][39m
2021-08-03 22:50 [34minfo[39m: [34m--SQL : 22:50:11 disconnect(postgres@bazaar) [object Object][39m
2021-08-03 22:50 [31merror[39m: [31m!!!Error occured while registering user :  invalid input syntax for type integer: "rohant946@gmail.com"[39m
2021-08-03 22:50 [35mhttp[39m: [35mPOST /api/public/register 401 78 - 32.531 ms[39m
[35m[39m
2021-08-03 22:50 [34minfo[39m: [34mServer listening at http://localhost:3000[39m
2021-08-03 22:50 [34minfo[39m: [34m--SQL : 22:50:45 connect(postgres@bazaar); useCount: 0 [object Object][39m
2021-08-03 22:50 [34minfo[39m: [34m--SQL : 22:50:45 INSERT INTO bazaar_users(first_name,last_name,email,phone,password) VALUES('Rohan','Thakur','rohant946@gmail.com',73337333,'password123') returning id [object Object][39m
2021-08-03 22:50 [34minfo[39m: [34m--SQL : 22:50:45 error: column "id" does not exist [object Object][39m
2021-08-03 22:50 [34minfo[39m: [34m--SQL :          query: INSERT INTO bazaar_users(first_name,last_name,email,phone,password) VALUES('Rohan','Thakur','rohant946@gmail.com',73337333,'password123') returning id [object Object][39m
2021-08-03 22:50 [34minfo[39m: [34m--SQL : 22:50:45 disconnect(postgres@bazaar) [object Object][39m
2021-08-03 22:50 [31merror[39m: [31m!!!Error occured while registering user :  column "id" does not exist[39m
2021-08-03 22:50 [35mhttp[39m: [35mPOST /api/public/register 401 78 - 38.609 ms[39m
[35m[39m
2021-08-03 22:51 [34minfo[39m: [34mServer listening at http://localhost:3000[39m
2021-08-03 22:51 [34minfo[39m: [34m--SQL : 22:51:22 connect(postgres@bazaar); useCount: 0 [object Object][39m
2021-08-03 22:51 [34minfo[39m: [34m--SQL : 22:51:22 INSERT INTO bazaar_users(first_name,last_name,email,phone,password) VALUES('Rohan','Thakur','rohant946@gmail.com',73337333,'password123') returning user_id [object Object][39m
2021-08-03 22:51 [34minfo[39m: [34m--SQL : 22:51:22 disconnect(postgres@bazaar) [object Object][39m
2021-08-03 22:51 [35mhttp[39m: [35mPOST /api/public/register 202 63 - 23.587 ms[39m
[35m[39m
2021-08-03 22:53 [34minfo[39m: [34mServer listening at http://localhost:3000[39m
2021-08-03 22:53 [34minfo[39m: [34mServer listening at http://localhost:3000[39m
2021-08-03 22:54 [34minfo[39m: [34mServer listening at http://localhost:3000[39m
2021-08-03 22:54 [34minfo[39m: [34m--SQL : 22:54:18 connect(postgres@bazaar); useCount: 0 [object Object][39m
2021-08-03 22:54 [34minfo[39m: [34m--SQL : 22:54:18 SELECT user_id WHERE lower(email) LIKE lower('%'rohant946@gmail.com'%') [object Object][39m
2021-08-03 22:54 [34minfo[39m: [34m--SQL : 22:54:18 error: syntax error at or near "rohant946" [object Object][39m
2021-08-03 22:54 [34minfo[39m: [34m--SQL :          query: SELECT user_id WHERE lower(email) LIKE lower('%'rohant946@gmail.com'%') [object Object][39m
2021-08-03 22:54 [34minfo[39m: [34m--SQL : 22:54:18 disconnect(postgres@bazaar) [object Object][39m
2021-08-03 22:54 [31merror[39m: [31m!!!Error occured while registering user :  syntax error at or near "rohant946"[39m
2021-08-03 22:54 [35mhttp[39m: [35mPOST /api/public/register 401 78 - 47.645 ms[39m
[35m[39m
2021-08-03 22:55 [34minfo[39m: [34mServer listening at http://localhost:3000[39m
2021-08-03 22:55 [34minfo[39m: [34mServer listening at http://localhost:3000[39m
2021-08-03 22:56 [34minfo[39m: [34mServer listening at http://localhost:3000[39m
2021-08-03 22:56 [34minfo[39m: [34mServer listening at http://localhost:3000[39m
2021-08-03 22:56 [34minfo[39m: [34m--SQL : 22:56:26 connect(postgres@bazaar); useCount: 0 [object Object][39m
2021-08-03 22:56 [34minfo[39m: [34m--SQL : 22:56:26 SELECT user_id WHERE lower(email) LIKE lower('rohant946@gmail.com') [object Object][39m
2021-08-03 22:56 [34minfo[39m: [34m--SQL : 22:56:26 error: column "user_id" does not exist [object Object][39m
2021-08-03 22:56 [34minfo[39m: [34m--SQL :          query: SELECT user_id WHERE lower(email) LIKE lower('rohant946@gmail.com') [object Object][39m
2021-08-03 22:56 [34minfo[39m: [34m--SQL : 22:56:26 disconnect(postgres@bazaar) [object Object][39m
2021-08-03 22:56 [31merror[39m: [31m!!!Error occured while registering user :  column "user_id" does not exist[39m
2021-08-03 22:56 [35mhttp[39m: [35mPOST /api/public/register 401 78 - 37.451 ms[39m
[35m[39m
2021-08-03 22:56 [34minfo[39m: [34mServer listening at http://localhost:3000[39m
2021-08-03 22:57 [34minfo[39m: [34m--SQL : 22:57:04 connect(postgres@bazaar); useCount: 0 [object Object][39m
2021-08-03 22:57 [34minfo[39m: [34m--SQL : 22:57:04 SELECT user_id FROM bazaar_users WHERE lower(email) LIKE lower('rohant946@gmail.com') [object Object][39m
2021-08-03 22:57 [34minfo[39m: [34m--SQL : 22:57:04 disconnect(postgres@bazaar) [object Object][39m
2021-08-03 22:57 [31merror[39m: [31m!!!Error occured while registering user : [39m
2021-08-03 22:57 [35mhttp[39m: [35mPOST /api/public/register 401 78 - 24.663 ms[39m
[35m[39m
2021-08-03 22:59 [34minfo[39m: [34mServer listening at http://localhost:3000[39m
2021-08-03 22:59 [34minfo[39m: [34mServer listening at http://localhost:3000[39m
2021-08-03 22:59 [34minfo[39m: [34m--SQL : 22:59:59 connect(postgres@bazaar); useCount: 0 [object Object][39m
2021-08-03 22:59 [34minfo[39m: [34m--SQL : 22:59:59 SELECT user_id FROM bazaar_users WHERE lower(email) LIKE lower('rohant946@gmail.com') [object Object][39m
2021-08-03 22:59 [34minfo[39m: [34m--SQL : 22:59:59 disconnect(postgres@bazaar) [object Object][39m
2021-08-03 22:59 [37mdebug[39m: [37m{ user_id: 1 }[39m
2021-08-03 22:59 [31merror[39m: [31m!!!Error occured while registering user : [39m
2021-08-03 22:59 [35mhttp[39m: [35mPOST /api/public/register 401 78 - 25.653 ms[39m
[35m[39m
2021-08-03 23:01 [34minfo[39m: [34mServer listening at http://localhost:3000[39m
2021-08-03 23:02 [34minfo[39m: [34mServer listening at http://localhost:3000[39m
2021-08-03 23:02 [34minfo[39m: [34m--SQL : 23:02:56 connect(postgres@bazaar); useCount: 0 [object Object][39m
2021-08-03 23:02 [34minfo[39m: [34m--SQL : 23:02:56 SELECT user_id FROM bazaar_users WHERE lower(email) LIKE lower('rohant946@gmail.com') [object Object][39m
2021-08-03 23:02 [34minfo[39m: [34m--SQL : 23:02:56 disconnect(postgres@bazaar) [object Object][39m
2021-08-03 23:02 [37mdebug[39m: [37m{ user_id: 1 }[39m
2021-08-03 23:02 [34minfo[39m: [34m--SQL : 23:02:56 connect(postgres@bazaar); useCount: 1 [object Object][39m
2021-08-03 23:02 [34minfo[39m: [34m--SQL : 23:02:56 INSERT INTO bazaar_users(first_name,last_name,email,phone,password) VALUES('Rohan','Thakur','rohant946@gmail.com',73337333,'password123') returning user_id [object Object][39m
2021-08-03 23:02 [34minfo[39m: [34m--SQL : 23:02:56 error: duplicate key value violates unique constraint "bazaar_users_email_key" [object Object][39m
2021-08-03 23:02 [34minfo[39m: [34m--SQL :          query: INSERT INTO bazaar_users(first_name,last_name,email,phone,password) VALUES('Rohan','Thakur','rohant946@gmail.com',73337333,'password123') returning user_id [object Object][39m
2021-08-03 23:02 [34minfo[39m: [34m--SQL : 23:02:56 disconnect(postgres@bazaar) [object Object][39m
2021-08-03 23:02 [31merror[39m: [31m!!!Error occured while registering user :  duplicate key value violates unique constraint "bazaar_users_email_key"[39m
2021-08-03 23:02 [35mhttp[39m: [35mPOST /api/public/register 401 78 - 48.398 ms[39m
[35m[39m
2021-08-03 23:04 [34minfo[39m: [34mServer listening at http://localhost:3000[39m
2021-08-03 23:05 [34minfo[39m: [34mServer listening at http://localhost:3000[39m
2021-08-03 23:05 [34minfo[39m: [34m--SQL : 23:05:16 connect(postgres@bazaar); useCount: 0 [object Object][39m
2021-08-03 23:05 [34minfo[39m: [34m--SQL : 23:05:16 SELECT user_id FROM bazaar_users WHERE lower(email) LIKE lower('%rohant946@gmail.com%') [object Object][39m
2021-08-03 23:05 [34minfo[39m: [34m--SQL : 23:05:16 disconnect(postgres@bazaar) [object Object][39m
2021-08-03 23:05 [37mdebug[39m: [37m{ user_id: 1 }[39m
2021-08-03 23:05 [34minfo[39m: [34m--SQL : 23:05:16 connect(postgres@bazaar); useCount: 1 [object Object][39m
2021-08-03 23:05 [34minfo[39m: [34m--SQL : 23:05:16 INSERT INTO bazaar_users(first_name,last_name,email,phone,password) VALUES('Rohan','Thakur','rohant946@gmail.com',73337333,'password123') returning user_id [object Object][39m
2021-08-03 23:05 [34minfo[39m: [34m--SQL : 23:05:16 error: duplicate key value violates unique constraint "bazaar_users_email_key" [object Object][39m
2021-08-03 23:05 [34minfo[39m: [34m--SQL :          query: INSERT INTO bazaar_users(first_name,last_name,email,phone,password) VALUES('Rohan','Thakur','rohant946@gmail.com',73337333,'password123') returning user_id [object Object][39m
2021-08-03 23:05 [34minfo[39m: [34m--SQL : 23:05:16 disconnect(postgres@bazaar) [object Object][39m
2021-08-03 23:05 [31merror[39m: [31m!!!Error occured while registering user :  duplicate key value violates unique constraint "bazaar_users_email_key"[39m
2021-08-03 23:05 [35mhttp[39m: [35mPOST /api/public/register 401 78 - 45.368 ms[39m
[35m[39m
2021-08-03 23:06 [34minfo[39m: [34mServer listening at http://localhost:3000[39m
2021-08-03 23:06 [34minfo[39m: [34m--SQL : 23:06:13 connect(postgres@bazaar); useCount: 0 [object Object][39m
2021-08-03 23:06 [34minfo[39m: [34m--SQL : 23:06:13 SELECT user_id FROM bazaar_users WHERE lower(email) LIKE lower('%rohant946@gmail.com%') [object Object][39m
2021-08-03 23:06 [34minfo[39m: [34m--SQL : 23:06:13 disconnect(postgres@bazaar) [object Object][39m
2021-08-03 23:06 [37mdebug[39m: [37m{ user_id: 1 }[39m
2021-08-03 23:06 [31merror[39m: [31m!!!Error occured while registering user : [39m
2021-08-03 23:06 [35mhttp[39m: [35mPOST /api/public/register 401 78 - 26.766 ms[39m
[35m[39m
2021-08-03 23:07 [34minfo[39m: [34mServer listening at http://localhost:3000[39m
2021-08-03 23:07 [34minfo[39m: [34m--SQL : 23:07:28 connect(postgres@bazaar); useCount: 0 [object Object][39m
2021-08-03 23:07 [34minfo[39m: [34m--SQL : 23:07:28 SELECT user_id FROM bazaar_users WHERE lower(email) LIKE lower('%rohant946@gmail.com%') [object Object][39m
2021-08-03 23:07 [34minfo[39m: [34m--SQL : 23:07:28 disconnect(postgres@bazaar) [object Object][39m
2021-08-03 23:07 [37mdebug[39m: [37m{ user_id: 1 }[39m
2021-08-03 23:07 [31merror[39m: [31m!!!Error occured while registering user : [39m
2021-08-03 23:07 [35mhttp[39m: [35mPOST /api/public/register 401 78 - 27.168 ms[39m
[35m[39m
2021-08-03 23:08 [34minfo[39m: [34mServer listening at http://localhost:3000[39m
2021-08-03 23:08 [34minfo[39m: [34m--SQL : 23:08:01 connect(postgres@bazaar); useCount: 0 [object Object][39m
2021-08-03 23:08 [34minfo[39m: [34m--SQL : 23:08:01 SELECT user_id FROM bazaar_users WHERE lower(email) LIKE lower('%rohant946@gmail.com%') [object Object][39m
2021-08-03 23:08 [34minfo[39m: [34m--SQL : 23:08:01 disconnect(postgres@bazaar) [object Object][39m
2021-08-03 23:08 [37mdebug[39m: [37m{ user_id: 1 }[39m
2021-08-03 23:08 [31merror[39m: [31mEmail already exists[39m
2021-08-03 23:08 [35mhttp[39m: [35mPOST /api/public/register 401 78 - 24.960 ms[39m
[35m[39m
2021-08-03 23:08 [34minfo[39m: [34m--SQL : 23:08:17 connect(postgres@bazaar); useCount: 0 [object Object][39m
2021-08-03 23:08 [34minfo[39m: [34m--SQL : 23:08:17 SELECT user_id FROM bazaar_users WHERE lower(email) LIKE lower('%rohant946l.com%') [object Object][39m
2021-08-03 23:08 [34minfo[39m: [34m--SQL : 23:08:17 error: No data returned from the query. [object Object][39m
2021-08-03 23:08 [34minfo[39m: [34m--SQL :          query: SELECT user_id FROM bazaar_users WHERE lower(email) LIKE lower('%rohant946l.com%') [object Object][39m
2021-08-03 23:08 [34minfo[39m: [34m--SQL : 23:08:17 disconnect(postgres@bazaar) [object Object][39m
2021-08-03 23:08 [31merror[39m: [31mQueryResultError {[39m
[31m    code: queryResultErrorCode.noData[39m
[31m    message: "No data returned from the query."[39m
[31m    received: 0[39m
[31m    query: "SELECT user_id FROM bazaar_users WHERE lower(email) LIKE lower('%rohant946l.com%')"[39m
[31m}[39m
2021-08-03 23:08 [35mhttp[39m: [35mPOST /api/public/register 401 78 - 21.386 ms[39m
[35m[39m
2021-08-03 23:08 [34minfo[39m: [34mServer listening at http://localhost:3000[39m
2021-08-03 23:08 [34minfo[39m: [34mServer listening at http://localhost:3000[39m
2021-08-03 23:09 [34minfo[39m: [34m--SQL : 23:09:00 connect(postgres@bazaar); useCount: 0 [object Object][39m
2021-08-03 23:09 [34minfo[39m: [34m--SQL : 23:09:00 SELECT user_id FROM bazaar_users WHERE lower(email) LIKE lower('%rohant946l.com%') [object Object][39m
2021-08-03 23:09 [34minfo[39m: [34m--SQL : 23:09:00 disconnect(postgres@bazaar) [object Object][39m
2021-08-03 23:09 [37mdebug[39m: [37m[][39m
2021-08-03 23:09 [31merror[39m: [31mTypeError: Cannot read property 'user_id' of undefined[39m
2021-08-03 23:09 [35mhttp[39m: [35mPOST /api/public/register 401 78 - 28.795 ms[39m
[35m[39m
2021-08-03 23:10 [34minfo[39m: [34mServer listening at http://localhost:3000[39m
2021-08-03 23:11 [34minfo[39m: [34mServer listening at http://localhost:3000[39m
2021-08-03 23:11 [34minfo[39m: [34m--SQL : 23:11:26 connect(postgres@bazaar); useCount: 0 [object Object][39m
2021-08-03 23:11 [34minfo[39m: [34m--SQL : 23:11:26 SELECT user_id FROM bazaar_users WHERE lower(email) LIKE lower('%rohant946l.com%') [object Object][39m
2021-08-03 23:11 [34minfo[39m: [34m--SQL : 23:11:26 error: No data returned from the query. [object Object][39m
2021-08-03 23:11 [34minfo[39m: [34m--SQL :          query: SELECT user_id FROM bazaar_users WHERE lower(email) LIKE lower('%rohant946l.com%') [object Object][39m
2021-08-03 23:11 [34minfo[39m: [34m--SQL : 23:11:26 disconnect(postgres@bazaar) [object Object][39m
2021-08-03 23:11 [31merror[39m: [31mQueryResultError {[39m
[31m    code: queryResultErrorCode.noData[39m
[31m    message: "No data returned from the query."[39m
[31m    received: 0[39m
[31m    query: "SELECT user_id FROM bazaar_users WHERE lower(email) LIKE lower('%rohant946l.com%')"[39m
[31m}[39m
2021-08-03 23:11 [35mhttp[39m: [35mPOST /api/public/register 401 78 - 34.944 ms[39m
[35m[39m
2021-08-03 23:11 [34minfo[39m: [34mServer listening at http://localhost:3000[39m
2021-08-03 23:11 [34minfo[39m: [34m--SQL : 23:11:46 connect(postgres@bazaar); useCount: 0 [object Object][39m
2021-08-03 23:11 [34minfo[39m: [34m--SQL : 23:11:46 SELECT user_id FROM bazaar_users WHERE lower(email) LIKE lower('%rohant946l.com%') [object Object][39m
2021-08-03 23:11 [34minfo[39m: [34m--SQL : 23:11:46 error: No data returned from the query. [object Object][39m
2021-08-03 23:11 [34minfo[39m: [34m--SQL :          query: SELECT user_id FROM bazaar_users WHERE lower(email) LIKE lower('%rohant946l.com%') [object Object][39m
2021-08-03 23:11 [34minfo[39m: [34m--SQL : 23:11:46 disconnect(postgres@bazaar) [object Object][39m
2021-08-03 23:11 [31merror[39m: [31mQueryResultError {[39m
[31m    code: queryResultErrorCode.noData[39m
[31m    message: "No data returned from the query."[39m
[31m    received: 0[39m
[31m    query: "SELECT user_id FROM bazaar_users WHERE lower(email) LIKE lower('%rohant946l.com%')"[39m
[31m}[39m
2021-08-03 23:11 [35mhttp[39m: [35mPOST /api/public/register 401 305 - 39.676 ms[39m
[35m[39m
2021-08-03 23:12 [34minfo[39m: [34mServer listening at http://localhost:3000[39m
2021-08-03 23:13 [34minfo[39m: [34m--SQL : 23:13:04 connect(postgres@bazaar); useCount: 0 [object Object][39m
2021-08-03 23:13 [34minfo[39m: [34m--SQL : 23:13:04 SELECT user_id FROM bazaar_users WHERE lower(email) LIKE lower('%rohant946l.com%') [object Object][39m
2021-08-03 23:13 [34minfo[39m: [34m--SQL : 23:13:04 error: No data returned from the query. [object Object][39m
2021-08-03 23:13 [34minfo[39m: [34m--SQL :          query: SELECT user_id FROM bazaar_users WHERE lower(email) LIKE lower('%rohant946l.com%') [object Object][39m
2021-08-03 23:13 [34minfo[39m: [34m--SQL : 23:13:04 disconnect(postgres@bazaar) [object Object][39m
2021-08-03 23:13 [31merror[39m: [31mQueryResultError {[39m
[31m    code: queryResultErrorCode.noData[39m
[31m    message: "No data returned from the query."[39m
[31m    received: 0[39m
[31m    query: "SELECT user_id FROM bazaar_users WHERE lower(email) LIKE lower('%rohant946l.com%')"[39m
[31m}[39m
2021-08-03 23:13 [35mhttp[39m: [35mPOST /api/public/register 401 305 - 38.135 ms[39m
[35m[39m
2021-08-03 23:13 [34minfo[39m: [34mServer listening at http://localhost:3000[39m
2021-08-03 23:13 [31merror[39m: [31mInvalid credentials[39m
2021-08-03 23:13 [35mhttp[39m: [35mPOST /api/public/register 401 97 - 4.557 ms[39m
[35m[39m
2021-08-03 23:13 [34minfo[39m: [34m--SQL : 23:13:53 connect(postgres@bazaar); useCount: 0 [object Object][39m
2021-08-03 23:13 [34minfo[39m: [34m--SQL : 23:13:53 SELECT user_id FROM bazaar_users WHERE lower(email) LIKE lower('%rohant946@gmail.com%') [object Object][39m
2021-08-03 23:13 [34minfo[39m: [34m--SQL : 23:13:53 disconnect(postgres@bazaar) [object Object][39m
2021-08-03 23:13 [37mdebug[39m: [37m{ user_id: 1 }[39m
2021-08-03 23:13 [31merror[39m: [31mEmail already exists[39m
2021-08-03 23:13 [35mhttp[39m: [35mPOST /api/public/register 401 98 - 29.889 ms[39m
[35m[39m
2021-08-03 23:14 [34minfo[39m: [34m--SQL : 23:14:13 connect(postgres@bazaar); useCount: 0 [object Object][39m
2021-08-03 23:14 [34minfo[39m: [34m--SQL : 23:14:13 SELECT user_id FROM bazaar_users WHERE lower(email) LIKE lower('%thakur190420@gmail.com%') [object Object][39m
2021-08-03 23:14 [34minfo[39m: [34m--SQL : 23:14:13 error: No data returned from the query. [object Object][39m
2021-08-03 23:14 [34minfo[39m: [34m--SQL :          query: SELECT user_id FROM bazaar_users WHERE lower(email) LIKE lower('%thakur190420@gmail.com%') [object Object][39m
2021-08-03 23:14 [34minfo[39m: [34m--SQL : 23:14:13 disconnect(postgres@bazaar) [object Object][39m
2021-08-03 23:14 [31merror[39m: [31mQueryResultError {[39m
[31m    code: queryResultErrorCode.noData[39m
[31m    message: "No data returned from the query."[39m
[31m    received: 0[39m
[31m    query: "SELECT user_id FROM bazaar_users WHERE lower(email) LIKE lower('%thakur190420@gmail.com%')"[39m
[31m}[39m
2021-08-03 23:14 [35mhttp[39m: [35mPOST /api/public/register 401 313 - 22.647 ms[39m
[35m[39m
2021-08-03 23:15 [34minfo[39m: [34mServer listening at http://localhost:3000[39m
2021-08-03 23:15 [34minfo[39m: [34m--SQL : 23:15:57 connect(postgres@bazaar); useCount: 0 [object Object][39m
2021-08-03 23:15 [34minfo[39m: [34m--SQL : 23:15:57 SELECT count(user_id) FROM bazaar_users WHERE lower(email) LIKE lower('%thakur190420@gmail.com%') [object Object][39m
2021-08-03 23:15 [34minfo[39m: [34m--SQL : 23:15:57 disconnect(postgres@bazaar) [object Object][39m
2021-08-03 23:15 [37mdebug[39m: [37m{ count: '0' }[39m
2021-08-03 23:15 [34minfo[39m: [34m--SQL : 23:15:57 connect(postgres@bazaar); useCount: 1 [object Object][39m
2021-08-03 23:15 [34minfo[39m: [34m--SQL : 23:15:57 INSERT INTO bazaar_users(first_name,last_name,email,phone,password) VALUES('Rohan','Thakur','thakur190420@gmail.com',73337333,'password123') returning user_id [object Object][39m
2021-08-03 23:15 [34minfo[39m: [34m--SQL : 23:15:57 disconnect(postgres@bazaar) [object Object][39m
2021-08-03 23:15 [35mhttp[39m: [35mPOST /api/public/register 202 63 - 31.784 ms[39m
[35m[39m
2021-08-03 23:16 [34minfo[39m: [34m--SQL : 23:16:01 connect(postgres@bazaar); useCount: 2 [object Object][39m
2021-08-03 23:16 [34minfo[39m: [34m--SQL : 23:16:01 SELECT count(user_id) FROM bazaar_users WHERE lower(email) LIKE lower('%thakur190420@gmail.com%') [object Object][39m
2021-08-03 23:16 [34minfo[39m: [34m--SQL : 23:16:01 disconnect(postgres@bazaar) [object Object][39m
2021-08-03 23:16 [37mdebug[39m: [37m{ count: '1' }[39m
2021-08-03 23:16 [34minfo[39m: [34m--SQL : 23:16:01 connect(postgres@bazaar); useCount: 3 [object Object][39m
2021-08-03 23:16 [34minfo[39m: [34m--SQL : 23:16:01 INSERT INTO bazaar_users(first_name,last_name,email,phone,password) VALUES('Rohan','Thakur','thakur190420@gmail.com',73337333,'password123') returning user_id [object Object][39m
2021-08-03 23:16 [34minfo[39m: [34m--SQL : 23:16:01 error: duplicate key value violates unique constraint "bazaar_users_email_key" [object Object][39m
2021-08-03 23:16 [34minfo[39m: [34m--SQL :          query: INSERT INTO bazaar_users(first_name,last_name,email,phone,password) VALUES('Rohan','Thakur','thakur190420@gmail.com',73337333,'password123') returning user_id [object Object][39m
2021-08-03 23:16 [34minfo[39m: [34m--SQL : 23:16:01 disconnect(postgres@bazaar) [object Object][39m
2021-08-03 23:16 [31merror[39m: [31merror: duplicate key value violates unique constraint "bazaar_users_email_key"[39m
2021-08-03 23:16 [35mhttp[39m: [35mPOST /api/public/register 401 158 - 19.942 ms[39m
[35m[39m
2021-08-03 23:16 [34minfo[39m: [34mServer listening at http://localhost:3000[39m
2021-08-03 23:16 [34minfo[39m: [34m--SQL : 23:16:52 connect(postgres@bazaar); useCount: 0 [object Object][39m
2021-08-03 23:16 [34minfo[39m: [34m--SQL : 23:16:52 SELECT count(user_id) FROM bazaar_users WHERE lower(email) LIKE lower('%thakur190420@gmail.com%') [object Object][39m
2021-08-03 23:16 [34minfo[39m: [34m--SQL : 23:16:52 disconnect(postgres@bazaar) [object Object][39m
2021-08-03 23:16 [37mdebug[39m: [37m{ count: '1' }[39m
2021-08-03 23:16 [31merror[39m: [31mEmail already exists[39m
2021-08-03 23:16 [35mhttp[39m: [35mPOST /api/public/register 401 98 - 26.967 ms[39m
[35m[39m
2021-08-03 23:17 [34minfo[39m: [34m--SQL : 23:17:22 connect(postgres@bazaar); useCount: 0 [object Object][39m
2021-08-03 23:17 [34minfo[39m: [34m--SQL : 23:17:22 SELECT count(user_id) FROM bazaar_users WHERE lower(email) LIKE lower('%thakur.cs.tarun@gmail.com%') [object Object][39m
2021-08-03 23:17 [34minfo[39m: [34m--SQL : 23:17:22 disconnect(postgres@bazaar) [object Object][39m
2021-08-03 23:17 [37mdebug[39m: [37m{ count: '0' }[39m
2021-08-03 23:17 [34minfo[39m: [34m--SQL : 23:17:22 connect(postgres@bazaar); useCount: 1 [object Object][39m
2021-08-03 23:17 [34minfo[39m: [34m--SQL : 23:17:22 INSERT INTO bazaar_users(first_name,last_name,email,phone,password) VALUES('Rohan','Thakur','thakur.cs.tarun@gmail.com',73337333,'password123') returning user_id [object Object][39m
2021-08-03 23:17 [34minfo[39m: [34m--SQL : 23:17:22 disconnect(postgres@bazaar) [object Object][39m
2021-08-03 23:17 [35mhttp[39m: [35mPOST /api/public/register 202 63 - 14.801 ms[39m
[35m[39m
