2021-08-03 21:59 [31merror[39m: [31m!!!Error occured while registering user :  Variable $1 out of range. Parameters array length: 0[39m
2021-08-03 22:00 [31merror[39m: [31m!!!Error occured while registering user :  syntax error at or near "SET"[39m
2021-08-03 22:35 [31merror[39m: [31m!!!Error occured while registering user :  syntax error at or near "SET"[39m
2021-08-03 22:36 [31merror[39m: [31m!!!Error occured while registering user :  syntax error at or near "SET"[39m
2021-08-03 22:37 [31merror[39m: [31m!!!Error occured while registering user :  invalid input syntax for type integer: "rohant946@gmail.com"[39m
2021-08-03 22:48 [31merror[39m: [31m!!!Error occured while registering user : [39m
2021-08-03 22:48 [31merror[39m: [31m!!!Error occured while registering user : [39m
2021-08-03 22:48 [31merror[39m: [31m!!!Error occured while registering user : [39m
2021-08-03 22:50 [31merror[39m: [31m!!!Error occured while registering user :  invalid input syntax for type integer: "rohant946@gmail.com"[39m
2021-08-03 22:50 [31merror[39m: [31m!!!Error occured while registering user :  column "id" does not exist[39m
2021-08-03 22:54 [31merror[39m: [31m!!!Error occured while registering user :  syntax error at or near "rohant946"[39m
2021-08-03 22:56 [31merror[39m: [31m!!!Error occured while registering user :  column "user_id" does not exist[39m
2021-08-03 22:57 [31merror[39m: [31m!!!Error occured while registering user : [39m
2021-08-03 22:59 [31merror[39m: [31m!!!Error occured while registering user : [39m
2021-08-03 23:02 [31merror[39m: [31m!!!Error occured while registering user :  duplicate key value violates unique constraint "bazaar_users_email_key"[39m
2021-08-03 23:05 [31merror[39m: [31m!!!Error occured while registering user :  duplicate key value violates unique constraint "bazaar_users_email_key"[39m
2021-08-03 23:06 [31merror[39m: [31m!!!Error occured while registering user : [39m
2021-08-03 23:07 [31merror[39m: [31m!!!Error occured while registering user : [39m
2021-08-03 23:08 [31merror[39m: [31mEmail already exists[39m
2021-08-03 23:08 [31merror[39m: [31mQueryResultError {[39m
[31m    code: queryResultErrorCode.noData[39m
[31m    message: "No data returned from the query."[39m
[31m    received: 0[39m
[31m    query: "SELECT user_id FROM bazaar_users WHERE lower(email) LIKE lower('%rohant946l.com%')"[39m
[31m}[39m
2021-08-03 23:09 [31merror[39m: [31mTypeError: Cannot read property 'user_id' of undefined[39m
2021-08-03 23:11 [31merror[39m: [31mQueryResultError {[39m
[31m    code: queryResultErrorCode.noData[39m
[31m    message: "No data returned from the query."[39m
[31m    received: 0[39m
[31m    query: "SELECT user_id FROM bazaar_users WHERE lower(email) LIKE lower('%rohant946l.com%')"[39m
[31m}[39m
2021-08-03 23:11 [31merror[39m: [31mQueryResultError {[39m
[31m    code: queryResultErrorCode.noData[39m
[31m    message: "No data returned from the query."[39m
[31m    received: 0[39m
[31m    query: "SELECT user_id FROM bazaar_users WHERE lower(email) LIKE lower('%rohant946l.com%')"[39m
[31m}[39m
2021-08-03 23:13 [31merror[39m: [31mQueryResultError {[39m
[31m    code: queryResultErrorCode.noData[39m
[31m    message: "No data returned from the query."[39m
[31m    received: 0[39m
[31m    query: "SELECT user_id FROM bazaar_users WHERE lower(email) LIKE lower('%rohant946l.com%')"[39m
[31m}[39m
2021-08-03 23:13 [31merror[39m: [31mInvalid credentials[39m
2021-08-03 23:13 [31merror[39m: [31mEmail already exists[39m
2021-08-03 23:14 [31merror[39m: [31mQueryResultError {[39m
[31m    code: queryResultErrorCode.noData[39m
[31m    message: "No data returned from the query."[39m
[31m    received: 0[39m
[31m    query: "SELECT user_id FROM bazaar_users WHERE lower(email) LIKE lower('%thakur190420@gmail.com%')"[39m
[31m}[39m
2021-08-03 23:16 [31merror[39m: [31merror: duplicate key value violates unique constraint "bazaar_users_email_key"[39m
2021-08-03 23:16 [31merror[39m: [31mEmail already exists[39m
2021-08-04 22:57 [31merror[39m: [31mwhile logging user : QueryResultError {[39m
[31m    code: queryResultErrorCode.noData[39m
[31m    message: "No data returned from the query."[39m
[31m    received: 0[39m
[31m    query: "SELECT user_id FROM bazaar_users WHERE email = 'rohant96@gmail.com' AND password = 'password123'"[39m
[31m}[39m
2021-08-04 22:57 [31merror[39m: [31mwhile logging user : QueryResultError {[39m
[31m    code: queryResultErrorCode.noData[39m
[31m    message: "No data returned from the query."[39m
[31m    received: 0[39m
[31m    query: "SELECT user_id FROM bazaar_users WHERE email = 'rohant96@gmail.com' AND password = 'passwor123'"[39m
[31m}[39m
2021-08-04 22:57 [31merror[39m: [31mwhile logging user : QueryResultError {[39m
[31m    code: queryResultErrorCode.noData[39m
[31m    message: "No data returned from the query."[39m
[31m    received: 0[39m
[31m    query: "SELECT user_id FROM bazaar_users WHERE email = 'rohant946@gmail.com' AND password = 'passwor123'"[39m
[31m}[39m
2021-08-04 23:05 [31merror[39m: [31mTypeError: Cannot read property 'trim' of undefined[39m
2021-08-04 23:05 [31merror[39m: [31mTypeError: Cannot read property 'trim' of undefined[39m
2021-08-04 23:07 [31merror[39m: [31mInvalid email[39m
2021-08-04 23:08 [31merror[39m: [31mInvalid email[39m
2021-08-04 23:08 [31merror[39m: [31mInvalid email[39m
2021-08-04 23:08 [31merror[39m: [31mInvalid email[39m
2021-08-04 23:09 [31merror[39m: [31mInvalid email[39m
2021-08-04 23:09 [31merror[39m: [31mInvalid credentials[39m
2021-08-04 23:10 [31merror[39m: [31mInvalid credentials[39m
2021-08-04 23:10 [31merror[39m: [31mInvalid credentials[39m
2021-08-04 23:10 [31merror[39m: [31mInvalid credentials[39m
2021-08-04 23:10 [31merror[39m: [31mEmail already exists[39m
2021-08-04 23:11 [31merror[39m: [31mEmail already exists[39m
2021-08-04 23:11 [31merror[39m: [31mEmail already exists[39m
2021-08-04 23:12 [31merror[39m: [31mEmail already exists[39m
2021-08-06 20:04 [31merror[39m: [31mEmail already exists[39m
